TN:
SF:src/app.js
FN:26,(anonymous_0)
FN:60,(anonymous_1)
FN:65,(anonymous_2)
FN:74,(anonymous_3)
FNF:4
FNH:0
FNDA:0,(anonymous_0)
FNDA:0,(anonymous_1)
FNDA:0,(anonymous_2)
FNDA:0,(anonymous_3)
DA:1,0
DA:2,0
DA:3,0
DA:4,0
DA:5,0
DA:6,0
DA:9,0
DA:10,0
DA:11,0
DA:12,0
DA:15,0
DA:16,0
DA:19,0
DA:23,0
DA:26,0
DA:27,0
DA:29,0
DA:30,0
DA:31,0
DA:34,0
DA:35,0
DA:37,0
DA:38,0
DA:43,0
DA:46,0
DA:47,0
DA:51,0
DA:54,0
DA:55,0
DA:56,0
DA:57,0
DA:60,0
DA:61,0
DA:65,0
DA:66,0
DA:70,0
DA:73,0
DA:74,0
DA:75,0
DA:78,0
LF:40
LH:0
BRDA:20,0,0,0
BRDA:20,0,1,0
BRDA:23,1,0,0
BRDA:23,1,1,0
BRDA:48,2,0,0
BRDA:48,2,1,0
BRDA:73,3,0,0
BRDA:73,3,1,0
BRF:8
BRH:0
end_of_record
TN:
SF:src/controllers/adAccountController.js
FN:7,(anonymous_0)
FN:17,(anonymous_1)
FN:40,(anonymous_2)
FN:59,(anonymous_3)
FN:79,(anonymous_4)
FN:99,(anonymous_5)
FNF:6
FNH:0
FNDA:0,(anonymous_0)
FNDA:0,(anonymous_1)
FNDA:0,(anonymous_2)
FNDA:0,(anonymous_3)
FNDA:0,(anonymous_4)
FNDA:0,(anonymous_5)
DA:1,0
DA:8,0
DA:18,0
DA:19,0
DA:20,0
DA:23,0
DA:26,0
DA:28,0
DA:30,0
DA:41,0
DA:42,0
DA:45,0
DA:47,0
DA:49,0
DA:60,0
DA:61,0
DA:62,0
DA:65,0
DA:67,0
DA:69,0
DA:80,0
DA:81,0
DA:82,0
DA:85,0
DA:87,0
DA:89,0
DA:100,0
DA:101,0
DA:102,0
DA:105,0
DA:107,0
DA:109,0
DA:114,0
LF:33
LH:0
BRF:0
BRH:0
end_of_record
TN:
SF:src/controllers/authController.js
FN:8,(anonymous_0)
FN:18,(anonymous_1)
FN:47,(anonymous_2)
FN:76,(anonymous_3)
FNF:4
FNH:0
FNDA:0,(anonymous_0)
FNDA:0,(anonymous_1)
FNDA:0,(anonymous_2)
FNDA:0,(anonymous_3)
DA:1,0
DA:2,0
DA:9,0
DA:19,0
DA:21,0
DA:22,0
DA:23,0
DA:26,0
DA:29,0
DA:31,0
DA:33,0
DA:34,0
DA:37,0
DA:48,0
DA:50,0
DA:51,0
DA:52,0
DA:55,0
DA:58,0
DA:60,0
DA:62,0
DA:63,0
DA:66,0
DA:77,0
DA:78,0
DA:81,0
DA:83,0
DA:85,0
DA:86,0
DA:89,0
DA:94,0
LF:31
LH:0
BRDA:22,0,0,0
BRDA:22,0,1,0
BRDA:33,1,0,0
BRDA:33,1,1,0
BRDA:51,2,0,0
BRDA:51,2,1,0
BRDA:62,3,0,0
BRDA:62,3,1,0
BRDA:85,4,0,0
BRDA:85,4,1,0
BRF:10
BRH:0
end_of_record
TN:
SF:src/controllers/integrationController.js
FN:5,(anonymous_0)
FN:16,(anonymous_1)
FN:35,(anonymous_2)
FN:61,(anonymous_3)
FN:110,(anonymous_4)
FN:134,(anonymous_5)
FN:172,(anonymous_6)
FN:258,(anonymous_7)
FN:308,(anonymous_8)
FN:348,(anonymous_9)
FN:371,(anonymous_10)
FN:423,(anonymous_11)
FN:518,(anonymous_12)
FN:623,(anonymous_13)
FN:658,(anonymous_14)
FN:709,(anonymous_15)
FN:744,(anonymous_16)
FN:777,(anonymous_17)
FN:823,(anonymous_18)
FN:841,(anonymous_19)
FNF:20
FNH:8
FNDA:1,(anonymous_0)
FNDA:0,(anonymous_1)
FNDA:0,(anonymous_2)
FNDA:0,(anonymous_3)
FNDA:0,(anonymous_4)
FNDA:0,(anonymous_5)
FNDA:0,(anonymous_6)
FNDA:0,(anonymous_7)
FNDA:0,(anonymous_8)
FNDA:0,(anonymous_9)
FNDA:2,(anonymous_10)
FNDA:1,(anonymous_11)
FNDA:1,(anonymous_12)
FNDA:2,(anonymous_13)
FNDA:1,(anonymous_14)
FNDA:1,(anonymous_15)
FNDA:1,(anonymous_16)
FNDA:0,(anonymous_17)
FNDA:0,(anonymous_18)
FNDA:0,(anonymous_19)
DA:6,1
DA:7,1
DA:17,0
DA:19,0
DA:23,0
DA:25,0
DA:36,0
DA:37,0
DA:40,0
DA:49,0
DA:51,0
DA:62,0
DA:63,0
DA:64,0
DA:67,0
DA:72,0
DA:73,0
DA:76,0
DA:79,0
DA:80,0
DA:84,0
DA:93,0
DA:95,0
DA:100,0
DA:111,0
DA:112,0
DA:113,0
DA:116,0
DA:122,0
DA:124,0
DA:135,0
DA:136,0
DA:137,0
DA:138,0
DA:141,0
DA:145,0
DA:153,0
DA:154,0
DA:155,0
DA:156,0
DA:157,0
DA:158,0
DA:160,0
DA:162,0
DA:173,0
DA:174,0
DA:175,0
DA:178,0
DA:180,0
DA:181,0
DA:187,0
DA:190,0
DA:191,0
DA:193,0
DA:194,0
DA:203,0
DA:205,0
DA:206,0
DA:212,0
DA:217,0
DA:218,0
DA:223,0
DA:226,0
DA:234,0
DA:242,0
DA:247,0
DA:248,0
DA:259,0
DA:260,0
DA:263,0
DA:270,0
DA:271,0
DA:276,0
DA:277,0
DA:280,0
DA:281,0
DA:283,0
DA:285,0
DA:293,0
DA:298,0
DA:309,0
DA:310,0
DA:313,0
DA:320,0
DA:321,0
DA:326,0
DA:327,0
DA:330,0
DA:331,0
DA:337,0
DA:338,0
DA:345,0
DA:348,0
DA:358,0
DA:360,0
DA:361,0
DA:372,2
DA:373,2
DA:374,2
DA:377,2
DA:382,2
DA:383,1
DA:387,1
DA:388,1
DA:389,0
DA:393,1
DA:394,1
DA:396,1
DA:401,1
DA:403,0
DA:406,0
DA:407,0
DA:413,0
DA:424,1
DA:425,1
DA:426,1
DA:429,1
DA:434,1
DA:435,0
DA:439,1
DA:440,1
DA:441,0
DA:445,1
DA:446,1
DA:448,1
DA:454,1
DA:455,1
DA:457,1
DA:458,1
DA:460,1
DA:462,2
DA:472,2
DA:488,1
DA:490,0
DA:491,0
DA:493,1
DA:496,1
DA:498,0
DA:501,0
DA:502,0
DA:508,0
DA:519,1
DA:520,1
DA:521,1
DA:522,1
DA:525,1
DA:530,1
DA:531,0
DA:535,1
DA:536,0
DA:540,1
DA:541,1
DA:542,0
DA:546,1
DA:547,1
DA:548,1
DA:550,1
DA:551,1
DA:564,1
DA:565,0
DA:573,1
DA:576,1
DA:579,1
DA:580,1
DA:582,1
DA:583,1
DA:585,1
DA:587,2
DA:588,2
DA:591,2
DA:592,0
DA:614,1
DA:616,0
DA:617,0
DA:619,1
DA:623,2
DA:636,1
DA:638,0
DA:641,0
DA:642,0
DA:648,0
DA:659,1
DA:660,1
DA:661,1
DA:662,1
DA:665,1
DA:672,1
DA:673,0
DA:677,1
DA:678,0
DA:682,1
DA:683,1
DA:684,0
DA:688,1
DA:689,1
DA:691,1
DA:703,1
DA:709,1
DA:722,1
DA:724,0
DA:727,0
DA:728,0
DA:734,0
DA:745,1
DA:746,1
DA:747,1
DA:750,1
DA:755,1
DA:756,0
DA:760,1
DA:765,1
DA:767,0
DA:768,0
DA:778,0
DA:780,0
DA:785,0
DA:786,0
DA:787,0
DA:790,0
DA:793,0
DA:798,0
DA:799,0
DA:800,0
DA:803,0
DA:805,0
DA:806,0
DA:807,0
DA:810,0
DA:812,0
DA:813,0
DA:824,0
DA:826,0
DA:831,0
DA:842,0
DA:852,0
DA:856,1
LF:236
LH:86
BRDA:72,0,0,0
BRDA:72,0,1,0
BRDA:79,1,0,0
BRDA:79,1,1,0
BRDA:90,2,0,0
BRDA:90,2,1,0
BRDA:137,3,0,0
BRDA:137,3,1,0
BRDA:180,4,0,0
BRDA:180,4,1,0
BRDA:180,5,0,0
BRDA:180,5,1,0
BRDA:190,6,0,0
BRDA:190,6,1,0
BRDA:205,7,0,0
BRDA:205,7,1,0
BRDA:217,8,0,0
BRDA:217,8,1,0
BRDA:228,9,0,0
BRDA:228,9,1,0
BRDA:270,10,0,0
BRDA:270,10,1,0
BRDA:283,11,0,0
BRDA:283,11,1,0
BRDA:320,12,0,0
BRDA:320,12,1,0
BRDA:330,13,0,0
BRDA:330,13,1,0
BRDA:345,14,0,0
BRDA:345,14,1,0
BRDA:382,15,0,1
BRDA:382,15,1,1
BRDA:388,16,0,0
BRDA:388,16,1,1
BRDA:406,17,0,0
BRDA:406,17,1,0
BRDA:406,18,0,0
BRDA:406,18,1,0
BRDA:434,19,0,0
BRDA:434,19,1,1
BRDA:440,20,0,0
BRDA:440,20,1,1
BRDA:466,21,0,2
BRDA:466,21,1,0
BRDA:467,22,0,2
BRDA:467,22,1,0
BRDA:468,23,0,0
BRDA:468,23,1,2
BRDA:501,24,0,0
BRDA:501,24,1,0
BRDA:501,25,0,0
BRDA:501,25,1,0
BRDA:530,26,0,0
BRDA:530,26,1,1
BRDA:535,27,0,0
BRDA:535,27,1,1
BRDA:535,28,0,1
BRDA:535,28,1,1
BRDA:541,29,0,0
BRDA:541,29,1,1
BRDA:548,30,0,0
BRDA:548,30,1,1
BRDA:564,31,0,0
BRDA:564,31,1,1
BRDA:591,32,0,0
BRDA:591,32,1,2
BRDA:600,33,0,0
BRDA:600,33,1,0
BRDA:601,34,0,0
BRDA:601,34,1,0
BRDA:602,35,0,0
BRDA:602,35,1,0
BRDA:603,36,0,0
BRDA:603,36,1,0
BRDA:604,37,0,0
BRDA:604,37,1,0
BRDA:605,38,0,0
BRDA:605,38,1,0
BRDA:606,39,0,0
BRDA:606,39,1,0
BRDA:607,40,0,0
BRDA:607,40,1,0
BRDA:608,41,0,0
BRDA:608,41,1,0
BRDA:627,42,0,2
BRDA:627,42,1,0
BRDA:628,43,0,2
BRDA:628,43,1,0
BRDA:629,44,0,2
BRDA:629,44,1,0
BRDA:630,45,0,2
BRDA:630,45,1,0
BRDA:631,46,0,2
BRDA:631,46,1,0
BRDA:632,47,0,2
BRDA:632,47,1,2
BRDA:633,48,0,2
BRDA:633,48,1,2
BRDA:641,49,0,0
BRDA:641,49,1,0
BRDA:641,50,0,0
BRDA:641,50,1,0
BRDA:672,51,0,0
BRDA:672,51,1,1
BRDA:677,52,0,0
BRDA:677,52,1,1
BRDA:677,53,0,1
BRDA:677,53,1,1
BRDA:683,54,0,0
BRDA:683,54,1,1
BRDA:714,55,0,1
BRDA:714,55,1,0
BRDA:715,56,0,1
BRDA:715,56,1,0
BRDA:716,57,0,1
BRDA:716,57,1,1
BRDA:717,58,0,1
BRDA:717,58,1,1
BRDA:718,59,0,1
BRDA:718,59,1,0
BRDA:719,60,0,1
BRDA:719,60,1,1
BRDA:727,61,0,0
BRDA:727,61,1,0
BRDA:727,62,0,0
BRDA:727,62,1,0
BRDA:755,63,0,0
BRDA:755,63,1,1
BRDA:785,64,0,0
BRDA:785,64,1,0
BRDA:798,65,0,0
BRDA:798,65,1,0
BRDA:805,66,0,0
BRDA:805,66,1,0
BRDA:805,67,0,0
BRDA:805,67,1,0
BRDA:852,68,0,0
BRDA:852,68,1,0
BRF:138
BRH:40
end_of_record
TN:
SF:src/controllers/reportController.js
FN:7,(anonymous_0)
FN:19,(anonymous_1)
FN:47,(anonymous_2)
FN:66,(anonymous_3)
FN:86,(anonymous_4)
FN:104,(anonymous_5)
FN:170,(anonymous_6)
FN:173,(anonymous_7)
FN:187,(anonymous_8)
FN:230,(anonymous_9)
FN:252,(anonymous_10)
FNF:11
FNH:0
FNDA:0,(anonymous_0)
FNDA:0,(anonymous_1)
FNDA:0,(anonymous_2)
FNDA:0,(anonymous_3)
FNDA:0,(anonymous_4)
FNDA:0,(anonymous_5)
FNDA:0,(anonymous_6)
FNDA:0,(anonymous_7)
FNDA:0,(anonymous_8)
FNDA:0,(anonymous_9)
FNDA:0,(anonymous_10)
DA:1,0
DA:8,0
DA:9,0
DA:10,0
DA:20,0
DA:21,0
DA:22,0
DA:23,0
DA:25,0
DA:26,0
DA:30,0
DA:35,0
DA:37,0
DA:48,0
DA:49,0
DA:50,0
DA:51,0
DA:53,0
DA:54,0
DA:58,0
DA:60,0
DA:66,0
DA:67,0
DA:70,0
DA:73,0
DA:86,0
DA:87,0
DA:89,0
DA:104,0
DA:106,0
DA:107,0
DA:108,0
DA:109,0
DA:112,0
DA:113,0
DA:114,0
DA:123,0
DA:124,0
DA:125,0
DA:126,0
DA:129,0
DA:141,0
DA:142,0
DA:145,0
DA:146,0
DA:150,0
DA:151,0
DA:152,0
DA:153,0
DA:156,0
DA:160,0
DA:161,0
DA:164,0
DA:165,0
DA:169,0
DA:170,0
DA:173,0
DA:175,0
DA:177,0
DA:188,0
DA:189,0
DA:190,0
DA:193,0
DA:194,0
DA:198,0
DA:213,0
DA:215,0
DA:220,0
DA:231,0
DA:232,0
DA:235,0
DA:240,0
DA:242,0
DA:253,0
DA:254,0
DA:255,0
DA:258,0
DA:263,0
DA:264,0
DA:267,0
DA:269,0
DA:274,0
LF:82
LH:0
BRDA:25,0,0,0
BRDA:25,0,1,0
BRDA:25,1,0,0
BRDA:25,1,1,0
BRDA:53,2,0,0
BRDA:53,2,1,0
BRDA:53,3,0,0
BRDA:53,3,1,0
BRDA:106,4,0,0
BRDA:106,4,1,0
BRDA:107,5,0,0
BRDA:107,5,1,0
BRDA:108,6,0,0
BRDA:108,6,1,0
BRDA:109,7,0,0
BRDA:109,7,1,0
BRDA:113,8,0,0
BRDA:113,8,1,0
BRDA:123,9,0,0
BRDA:123,9,1,0
BRDA:124,10,0,0
BRDA:124,10,1,0
BRDA:125,11,0,0
BRDA:125,11,1,0
BRDA:126,12,0,0
BRDA:126,12,1,0
BRDA:131,13,0,0
BRDA:131,13,1,0
BRDA:132,14,0,0
BRDA:132,14,1,0
BRDA:133,15,0,0
BRDA:133,15,1,0
BRDA:134,16,0,0
BRDA:134,16,1,0
BRDA:135,17,0,0
BRDA:135,17,1,0
BRDA:136,18,0,0
BRDA:136,18,1,0
BRDA:141,19,0,0
BRDA:141,19,1,0
BRDA:145,20,0,0
BRDA:145,20,1,0
BRDA:160,21,0,0
BRDA:160,21,1,0
BRDA:164,22,0,0
BRDA:164,22,1,0
BRDA:193,23,0,0
BRDA:193,23,1,0
BRDA:193,24,0,0
BRDA:193,24,1,0
BRDA:206,25,0,0
BRDA:206,25,1,0
BRDA:207,26,0,0
BRDA:207,26,1,0
BRDA:208,27,0,0
BRDA:208,27,1,0
BRDA:209,28,0,0
BRDA:209,28,1,0
BRDA:263,29,0,0
BRDA:263,29,1,0
BRF:60
BRH:0
end_of_record
TN:
SF:src/middleware/authMiddleware.js
FN:6,(anonymous_0)
FNF:1
FNH:0
FNDA:0,(anonymous_0)
DA:1,0
DA:6,0
DA:7,0
DA:9,0
DA:11,0
DA:12,0
DA:15,0
DA:18,0
DA:21,0
DA:26,0
DA:28,0
DA:29,0
DA:32,0
DA:36,0
LF:14
LH:0
BRDA:11,0,0,0
BRDA:11,0,1,0
BRDA:11,1,0,0
BRDA:11,1,1,0
BRDA:28,2,0,0
BRDA:28,2,1,0
BRF:6
BRH:0
end_of_record
TN:
SF:src/middleware/errorMiddleware.js
FN:4,(anonymous_0)
FNF:1
FNH:0
FNDA:0,(anonymous_0)
DA:4,0
DA:6,0
DA:7,0
DA:10,0
DA:11,0
DA:14,0
DA:20,0
LF:7
LH:0
BRDA:10,0,0,0
BRDA:10,0,1,0
BRDA:11,1,0,0
BRDA:11,1,1,0
BRDA:16,2,0,0
BRDA:16,2,1,0
BRF:6
BRH:0
end_of_record
TN:
SF:src/routes/adAccountRoutes.js
FN:13,(anonymous_0)
FNF:1
FNH:0
FNDA:0,(anonymous_0)
DA:1,0
DA:2,0
DA:3,0
DA:5,0
DA:13,0
DA:14,0
DA:17,0
DA:27,0
DA:33,0
DA:39,0
DA:45,0
DA:50,0
LF:12
LH:0
BRF:0
BRH:0
end_of_record
TN:
SF:src/routes/authRoutes.js
FN:13,(anonymous_0)
FNF:1
FNH:0
FNDA:0,(anonymous_0)
DA:1,0
DA:2,0
DA:3,0
DA:4,0
DA:6,0
DA:13,0
DA:14,0
DA:17,0
DA:28,0
DA:38,0
DA:40,0
LF:11
LH:0
BRF:0
BRH:0
end_of_record
TN:
SF:src/routes/integrationRoutes.js
FN:13,(anonymous_0)
FNF:1
FNH:1
FNDA:1,(anonymous_0)
DA:1,1
DA:2,1
DA:3,1
DA:5,1
DA:13,1
DA:14,1
DA:17,1
DA:23,1
DA:29,1
DA:39,1
DA:47,1
DA:53,1
DA:62,1
DA:68,1
DA:74,1
DA:80,1
DA:86,1
DA:92,1
DA:98,1
DA:104,1
DA:109,1
LF:21
LH:21
BRF:0
BRH:0
end_of_record
TN:
SF:src/routes/reportRoutes.js
FN:13,(anonymous_0)
FNF:1
FNH:0
FNDA:0,(anonymous_0)
DA:1,0
DA:2,0
DA:3,0
DA:5,0
DA:13,0
DA:14,0
DA:17,0
DA:23,0
DA:29,0
DA:39,0
DA:45,0
DA:50,0
LF:12
LH:0
BRF:0
BRH:0
end_of_record
TN:
SF:src/services/authService.js
FN:8,(anonymous_0)
FN:19,(anonymous_1)
FN:75,(anonymous_2)
FN:115,(anonymous_3)
FN:128,(anonymous_4)
FNF:5
FNH:0
FNDA:0,(anonymous_0)
FNDA:0,(anonymous_1)
FNDA:0,(anonymous_2)
FNDA:0,(anonymous_3)
FNDA:0,(anonymous_4)
DA:1,0
DA:2,0
DA:9,0
DA:20,0
DA:22,0
DA:23,0
DA:26,0
DA:31,0
DA:32,0
DA:36,0
DA:37,0
DA:40,0
DA:45,0
DA:48,0
DA:50,0
DA:52,0
DA:62,0
DA:63,0
DA:65,0
DA:77,0
DA:82,0
DA:83,0
DA:86,0
DA:89,0
DA:91,0
DA:92,0
DA:96,0
DA:98,0
DA:116,0
DA:129,0
DA:134,0
DA:135,0
DA:138,0
DA:142,0
LF:34
LH:0
BRDA:31,0,0,0
BRDA:31,0,1,0
BRDA:82,1,0,0
BRDA:82,1,1,0
BRDA:91,2,0,0
BRDA:91,2,1,0
BRDA:134,3,0,0
BRDA:134,3,1,0
BRF:8
BRH:0
end_of_record
TN:
SF:src/services/metaService.js
FN:7,(anonymous_0)
FN:21,(anonymous_1)
FN:49,(anonymous_2)
FN:77,(anonymous_3)
FN:126,(anonymous_4)
FN:177,(anonymous_5)
FN:228,(anonymous_6)
FN:289,(anonymous_7)
FN:341,(anonymous_8)
FNF:9
FNH:0
FNDA:0,(anonymous_0)
FNDA:0,(anonymous_1)
FNDA:0,(anonymous_2)
FNDA:0,(anonymous_3)
FNDA:0,(anonymous_4)
FNDA:0,(anonymous_5)
FNDA:0,(anonymous_6)
FNDA:0,(anonymous_7)
FNDA:0,(anonymous_8)
DA:1,0
DA:8,0
DA:9,0
DA:10,0
DA:11,0
DA:12,0
DA:22,0
DA:23,0
DA:35,0
DA:36,0
DA:38,0
DA:39,0
DA:50,0
DA:52,0
DA:60,0
DA:61,0
DA:67,0
DA:68,0
DA:78,0
DA:80,0
DA:81,0
DA:82,0
DA:86,0
DA:91,0
DA:92,0
DA:95,0
DA:96,0
DA:99,0
DA:100,0
DA:104,0
DA:105,0
DA:106,0
DA:114,0
DA:116,0
DA:117,0
DA:127,0
DA:128,0
DA:129,0
DA:132,0
DA:133,0
DA:134,0
DA:138,0
DA:148,0
DA:151,0
DA:154,0
DA:155,0
DA:164,0
DA:166,0
DA:167,0
DA:178,0
DA:179,0
DA:180,0
DA:183,0
DA:184,0
DA:185,0
DA:189,0
DA:199,0
DA:202,0
DA:205,0
DA:206,0
DA:215,0
DA:217,0
DA:218,0
DA:229,0
DA:230,0
DA:231,0
DA:234,0
DA:235,0
DA:236,0
DA:240,0
DA:250,0
DA:253,0
DA:256,0
DA:257,0
DA:276,0
DA:278,0
DA:279,0
DA:290,0
DA:291,0
DA:292,0
DA:295,0
DA:296,0
DA:297,0
DA:301,0
DA:311,0
DA:314,0
DA:317,0
DA:318,0
DA:327,0
DA:329,0
DA:330,0
DA:342,0
DA:343,0
DA:344,0
DA:347,0
DA:348,0
DA:349,0
DA:353,0
DA:368,0
DA:371,0
DA:374,0
DA:375,0
DA:396,0
DA:398,0
DA:399,0
DA:404,0
LF:106
LH:0
BRDA:38,0,0,0
BRDA:38,0,1,0
BRDA:81,1,0,0
BRDA:81,1,1,0
BRDA:91,2,0,0
BRDA:91,2,1,0
BRDA:99,3,0,0
BRDA:99,3,1,0
BRDA:105,4,0,0
BRDA:105,4,1,0
BRDA:133,5,0,0
BRDA:133,5,1,0
BRDA:166,6,0,0
BRDA:166,6,1,0
BRDA:184,7,0,0
BRDA:184,7,1,0
BRDA:217,8,0,0
BRDA:217,8,1,0
BRDA:235,9,0,0
BRDA:235,9,1,0
BRDA:278,10,0,0
BRDA:278,10,1,0
BRDA:296,11,0,0
BRDA:296,11,1,0
BRDA:329,12,0,0
BRDA:329,12,1,0
BRDA:348,13,0,0
BRDA:348,13,1,0
BRDA:398,14,0,0
BRDA:398,14,1,0
BRF:30
BRH:0
end_of_record
